<?xml version="1.0" encoding="UTF-8"?>
<coverage generated="1631975922204" clover="3.2.0">
  <project timestamp="1631975922204" name="All files">
    <metrics statements="20" coveredstatements="16" conditionals="22" coveredconditionals="20" methods="5" coveredmethods="3" elements="47" coveredelements="39" complexity="0" loc="20" ncloc="20" packages="3" files="3" classes="3"/>
    <package name="src">
      <metrics statements="3" coveredstatements="0" conditionals="0" coveredconditionals="0" methods="2" coveredmethods="0"/>
      <file name="index.ts" path="/Users/mikaelvesavuori/Web/triplecheck/triplecheck-core/src/index.ts">
        <metrics statements="3" coveredstatements="0" conditionals="0" coveredconditionals="0" methods="2" coveredmethods="0"/>
        <line num="1" count="0" type="stmt"/>
        <line num="3" count="0" type="stmt"/>
        <line num="5" count="0" type="stmt"/>
      </file>
    </package>
    <package name="src.contracts">
      <metrics statements="1" coveredstatements="0" conditionals="0" coveredconditionals="0" methods="0" coveredmethods="0"/>
      <file name="Repository.ts" path="/Users/mikaelvesavuori/Web/triplecheck/triplecheck-core/src/contracts/Repository.ts">
        <metrics statements="1" coveredstatements="0" conditionals="0" coveredconditionals="0" methods="0" coveredmethods="0"/>
        <line num="4" count="0" type="stmt"/>
      </file>
    </package>
    <package name="src.frameworks">
      <metrics statements="16" coveredstatements="16" conditionals="22" coveredconditionals="20" methods="3" coveredmethods="3"/>
      <file name="filterData.ts" path="/Users/mikaelvesavuori/Web/triplecheck/triplecheck-core/src/frameworks/filterData.ts">
        <metrics statements="16" coveredstatements="16" conditionals="22" coveredconditionals="20" methods="3" coveredmethods="3"/>
        <line num="7" count="1" type="stmt"/>
        <line num="8" count="6" type="cond" truecount="2" falsecount="0"/>
        <line num="10" count="5" type="stmt"/>
        <line num="11" count="10" type="cond" truecount="2" falsecount="0"/>
        <line num="12" count="5" type="cond" truecount="4" falsecount="0"/>
        <line num="13" count="3" type="cond" truecount="4" falsecount="0"/>
        <line num="14" count="1" type="cond" truecount="3" falsecount="1"/>
        <line num="15" count="1" type="stmt"/>
        <line num="16" count="1" type="cond" truecount="3" falsecount="1"/>
        <line num="18" count="3" type="stmt"/>
        <line num="19" count="1" type="stmt"/>
        <line num="20" count="1" type="stmt"/>
        <line num="21" count="1" type="stmt"/>
        <line num="24" count="3" type="stmt"/>
        <line num="25" count="3" type="cond" truecount="2" falsecount="0"/>
        <line num="27" count="7" type="stmt"/>
      </file>
    </package>
  </project>
</coverage>
