{"/Users/mikaelvesavuori/Web/triplecheck/triplecheck-core/src/index.ts": {"path":"/Users/mikaelvesavuori/Web/triplecheck/triplecheck-core/src/index.ts","statementMap":{"0":{"start":{"line":1,"column":0},"end":{"line":1,"column":9}},"1":{"start":{"line":5,"column":9},"end":{"line":1,"column":52}},"2":{"start":{"line":3,"column":0},"end":{"line":3,"column":9}},"3":{"start":{"line":5,"column":27},"end":{"line":3,"column":53}}},"fnMap":{"0":{"name":"(anonymous_0)","decl":{"start":{"line":5,"column":9},"end":{"line":5,"column":19}},"loc":{"start":{"line":5,"column":9},"end":{"line":1,"column":52}}},"1":{"name":"(anonymous_1)","decl":{"start":{"line":5,"column":27},"end":{"line":5,"column":37}},"loc":{"start":{"line":5,"column":27},"end":{"line":3,"column":53}}}},"branchMap":{},"s":{"0":0,"1":0,"2":0,"3":0},"f":{"0":0,"1":0},"b":{}}
,"/Users/mikaelvesavuori/Web/triplecheck/triplecheck-core/src/contracts/Repository.ts": {"path":"/Users/mikaelvesavuori/Web/triplecheck/triplecheck-core/src/contracts/Repository.ts","statementMap":{"0":{"start":{"line":4,"column":0},"end":{"line":4,"column":22}}},"fnMap":{},"branchMap":{},"s":{"0":0},"f":{},"b":{}}
,"/Users/mikaelvesavuori/Web/triplecheck/triplecheck-core/src/frameworks/filterData.ts": {"path":"/Users/mikaelvesavuori/Web/triplecheck/triplecheck-core/src/frameworks/filterData.ts","statementMap":{"0":{"start":{"line":8,"column":2},"end":{"line":8,"column":60}},"1":{"start":{"line":8,"column":13},"end":{"line":8,"column":60}},"2":{"start":{"line":10,"column":2},"end":{"line":28,"column":5}},"3":{"start":{"line":11,"column":4},"end":{"line":26,"column":null}},"4":{"start":{"line":12,"column":6},"end":{"line":22,"column":null}},"5":{"start":{"line":12,"column":29},"end":{"line":12,"column":36}},"6":{"start":{"line":13,"column":11},"end":{"line":22,"column":null}},"7":{"start":{"line":13,"column":33},"end":{"line":13,"column":70}},"8":{"start":{"line":14,"column":11},"end":{"line":22,"column":null}},"9":{"start":{"line":15,"column":22},"end":{"line":15,"column":51}},"10":{"start":{"line":16,"column":8},"end":{"line":16,"column":49}},"11":{"start":{"line":16,"column":42},"end":{"line":16,"column":49}},"12":{"start":{"line":18,"column":26},"end":{"line":18,"column":72}},"13":{"start":{"line":18,"column":51},"end":{"line":18,"column":71}},"14":{"start":{"line":19,"column":26},"end":{"line":19,"column":49}},"15":{"start":{"line":20,"column":8},"end":{"line":20,"column":35}},"16":{"start":{"line":21,"column":8},"end":{"line":21,"column":45}},"17":{"start":{"line":24,"column":31},"end":{"line":24,"column":88}},"18":{"start":{"line":25,"column":6},"end":{"line":25,"column":44}},"19":{"start":{"line":25,"column":29},"end":{"line":25,"column":44}},"20":{"start":{"line":27,"column":4},"end":{"line":27,"column":54}},"21":{"start":{"line":7,"column":0},"end":{"line":7,"column":16}}},"fnMap":{"0":{"name":"filterData","decl":{"start":{"line":7,"column":16},"end":{"line":7,"column":26}},"loc":{"start":{"line":7,"column":90},"end":{"line":29,"column":1}}},"1":{"name":"(anonymous_1)","decl":{"start":{"line":10,"column":21},"end":{"line":10,"column":22}},"loc":{"start":{"line":10,"column":38},"end":{"line":28,"column":3}}},"2":{"name":"(anonymous_2)","decl":{"start":{"line":18,"column":36},"end":{"line":18,"column":37}},"loc":{"start":{"line":18,"column":51},"end":{"line":18,"column":71}}}},"branchMap":{"0":{"loc":{"start":{"line":8,"column":2},"end":{"line":8,"column":60}},"type":"if","locations":[{"start":{"line":8,"column":2},"end":{"line":8,"column":60}},{"start":{"line":8,"column":2},"end":{"line":8,"column":60}}]},"1":{"loc":{"start":{"line":11,"column":4},"end":{"line":26,"column":null}},"type":"if","locations":[{"start":{"line":11,"column":4},"end":{"line":26,"column":null}},{"start":{"line":11,"column":4},"end":{"line":26,"column":null}}]},"2":{"loc":{"start":{"line":12,"column":6},"end":{"line":22,"column":null}},"type":"if","locations":[{"start":{"line":12,"column":6},"end":{"line":22,"column":null}},{"start":{"line":12,"column":6},"end":{"line":22,"column":null}}]},"3":{"loc":{"start":{"line":12,"column":10},"end":{"line":12,"column":15}},"type":"binary-expr","locations":[{"start":{"line":12,"column":10},"end":{"line":12,"column":15}},{"start":{"line":12,"column":19},"end":{"line":12,"column":27}}]},"4":{"loc":{"start":{"line":13,"column":11},"end":{"line":22,"column":null}},"type":"if","locations":[{"start":{"line":13,"column":11},"end":{"line":22,"column":null}},{"start":{"line":13,"column":11},"end":{"line":22,"column":null}}]},"5":{"loc":{"start":{"line":13,"column":15},"end":{"line":13,"column":20}},"type":"binary-expr","locations":[{"start":{"line":13,"column":15},"end":{"line":13,"column":20}},{"start":{"line":13,"column":24},"end":{"line":13,"column":31}}]},"6":{"loc":{"start":{"line":14,"column":11},"end":{"line":22,"column":null}},"type":"if","locations":[{"start":{"line":14,"column":11},"end":{"line":22,"column":null}},{"start":{"line":14,"column":11},"end":{"line":22,"column":null}}]},"7":{"loc":{"start":{"line":14,"column":15},"end":{"line":14,"column":19}},"type":"binary-expr","locations":[{"start":{"line":14,"column":15},"end":{"line":14,"column":19}},{"start":{"line":14,"column":23},"end":{"line":14,"column":30}}]},"8":{"loc":{"start":{"line":16,"column":8},"end":{"line":16,"column":49}},"type":"if","locations":[{"start":{"line":16,"column":8},"end":{"line":16,"column":49}},{"start":{"line":16,"column":8},"end":{"line":16,"column":49}}]},"9":{"loc":{"start":{"line":16,"column":12},"end":{"line":16,"column":18}},"type":"binary-expr","locations":[{"start":{"line":16,"column":12},"end":{"line":16,"column":18}},{"start":{"line":16,"column":22},"end":{"line":16,"column":40}}]},"10":{"loc":{"start":{"line":25,"column":6},"end":{"line":25,"column":44}},"type":"if","locations":[{"start":{"line":25,"column":6},"end":{"line":25,"column":44}},{"start":{"line":25,"column":6},"end":{"line":25,"column":44}}]}},"s":{"0":6,"1":1,"2":5,"3":10,"4":5,"5":2,"6":3,"7":2,"8":1,"9":1,"10":1,"11":0,"12":1,"13":3,"14":1,"15":1,"16":1,"17":3,"18":3,"19":1,"20":7,"21":1},"f":{"0":6,"1":10,"2":3},"b":{"0":[1,5],"1":[5,5],"2":[2,3],"3":[5,4],"4":[2,1],"5":[3,2],"6":[1,0],"7":[1,1],"8":[0,1],"9":[1,1],"10":[1,2]}}
}
