TN:
SF:src/contracts/Repository.ts
FNF:0
FNH:0
DA:4,0
LF:1
LH:0
BRF:0
BRH:0
end_of_record
TN:
SF:src/frameworks/filterData.ts
FN:7,filterData
FN:10,(anonymous_1)
FN:18,(anonymous_2)
FNF:3
FNH:3
FNDA:6,filterData
FNDA:10,(anonymous_1)
FNDA:3,(anonymous_2)
DA:7,1
DA:8,6
DA:10,5
DA:11,10
DA:12,5
DA:13,3
DA:14,1
DA:15,1
DA:16,1
DA:18,3
DA:19,1
DA:20,1
DA:21,1
DA:24,3
DA:25,3
DA:27,7
LF:16
LH:16
BRDA:8,0,0,1
BRDA:8,0,1,5
BRDA:11,1,0,5
BRDA:11,1,1,5
BRDA:12,2,0,2
BRDA:12,2,1,3
BRDA:12,3,0,5
BRDA:12,3,1,4
BRDA:13,4,0,2
BRDA:13,4,1,1
BRDA:13,5,0,3
BRDA:13,5,1,2
BRDA:14,6,0,1
BRDA:14,6,1,0
BRDA:14,7,0,1
BRDA:14,7,1,1
BRDA:16,8,0,0
BRDA:16,8,1,1
BRDA:16,9,0,1
BRDA:16,9,1,1
BRDA:25,10,0,1
BRDA:25,10,1,2
BRF:22
BRH:20
end_of_record
